Arguments: 
  C:\Program Files\nodejs\node.exe C:\Program Files (x86)\Yarn\bin\yarn.js add cors express nodedemon

PATH: 
  C:\Windows\system32;C:\Windows;C:\Windows\System32\Wbem;C:\Windows\System32\WindowsPowerShell\v1.0\;C:\Windows\System32\OpenSSH\;C:\Program Files\nodejs\;C:\Program Files\Git\cmd;C:\Program Files (x86)\Yarn\bin\;C:\Users\Hiru Chan\AppData\Local\Microsoft\WindowsApps;;C:\Users\Hiru Chan\AppData\Local\Programs\Microsoft VS Code\bin;C:\Users\Hiru Chan\AppData\Roaming\npm;C:\Users\Hiru Chan\AppData\Local\Yarn\bin

Yarn version: 
  1.22.19

Node version: 
  16.17.1

Platform: 
  win32 x64

Trace: 
  Error: https://registry.yarnpkg.com/nodedemon: Not found
      at Request.params.callback [as _callback] (C:\Program Files (x86)\Yarn\lib\cli.js:66145:18)
      at Request.self.callback (C:\Program Files (x86)\Yarn\lib\cli.js:140890:22)
      at Request.emit (node:events:513:28)
      at Request.<anonymous> (C:\Program Files (x86)\Yarn\lib\cli.js:141862:10)
      at Request.emit (node:events:513:28)
      at IncomingMessage.<anonymous> (C:\Program Files (x86)\Yarn\lib\cli.js:141784:12)
      at Object.onceWrapper (node:events:627:28)
      at IncomingMessage.emit (node:events:525:35)
      at endReadableNT (node:internal/streams/readable:1358:12)
      at processTicksAndRejections (node:internal/process/task_queues:83:21)

npm manifest: 
  {
    "name": "web-rtc-backend",
    "version": "1.0.0",
    "description": "Web video call",
    "main": "index.js",
    "scripts": {
      "test": "echo \"Error: no test specified\" && exit 1"
    },
    "keywords": [
      "webrtc"
    ],
    "author": "huuhieu17",
    "license": "ISC",
    "dependencies": {
      "socket-io": "^1.0.0"
    }
  }

yarn manifest: 
  No manifest

Lockfile: 
  # THIS IS AN AUTOGENERATED FILE. DO NOT EDIT THIS FILE DIRECTLY.
  # yarn lockfile v1
  
  
  socket-io@^1.0.0:
    version "1.0.0"
    resolved "https://registry.yarnpkg.com/socket-io/-/socket-io-1.0.0.tgz#fc566f4d30a6370224d07e65dcef386bd8f5d296"
    integrity sha512-a+3SeSnMr6wdhiv0llX1Sv1GzWIJ8aa0P65N/9Ytlu43B5QRwgDiG0U1pRLB1YhvOmV4emimc6KTfmWSGIUSwg==
